nohup: ignoring input
Traceback (most recent call last):
  File "MTKGNN/src/main_ast.py", line 211, in <module>
    main()
  File "MTKGNN/src/main_ast.py", line 64, in main
    model.to(device)
  File "/projekte/tcl/tclext/kgc_chu/neuenv/lib/python3.7/site-packages/torch/nn/modules/module.py", line 899, in to
    return self._apply(convert)
  File "/projekte/tcl/tclext/kgc_chu/neuenv/lib/python3.7/site-packages/torch/nn/modules/module.py", line 570, in _apply
    module._apply(fn)
  File "/projekte/tcl/tclext/kgc_chu/neuenv/lib/python3.7/site-packages/torch/nn/modules/module.py", line 593, in _apply
    param_applied = fn(param)
  File "/projekte/tcl/tclext/kgc_chu/neuenv/lib/python3.7/site-packages/torch/nn/modules/module.py", line 897, in convert
    return t.to(device, dtype if t.is_floating_point() or t.is_complex() else None, non_blocking)
RuntimeError: CUDA error: out of memory
nohup: ignoring input
Traceback (most recent call last):
  File "MTKGNN/src/main_ast.py", line 211, in <module>
    main()
  File "MTKGNN/src/main_ast.py", line 64, in main
    model.to(device)
  File "/projekte/tcl/tclext/kgc_chu/neuenv/lib/python3.7/site-packages/torch/nn/modules/module.py", line 899, in to
    return self._apply(convert)
  File "/projekte/tcl/tclext/kgc_chu/neuenv/lib/python3.7/site-packages/torch/nn/modules/module.py", line 570, in _apply
    module._apply(fn)
  File "/projekte/tcl/tclext/kgc_chu/neuenv/lib/python3.7/site-packages/torch/nn/modules/module.py", line 593, in _apply
    param_applied = fn(param)
  File "/projekte/tcl/tclext/kgc_chu/neuenv/lib/python3.7/site-packages/torch/nn/modules/module.py", line 897, in convert
    return t.to(device, dtype if t.is_floating_point() or t.is_complex() else None, non_blocking)
RuntimeError: CUDA error: out of memory
